[backblue.gif]
[fade.gif]
[index.html]
[t1.kakaocdn.net/kakao_js_sdk/v1/kakao.min.js]
[dapi.kakao.com/v2/maps/sdke390.json]
[platform-cdn.redprinting.co.kr/Itscard/userdata/202211/c_th_280446048487e90.jpg]
[platform-cdn.redprinting.co.kr/Itscard/userdata/202211/th_271224412887e90.jpg]
[platform-cdn.redprinting.co.kr/Itscard/userdata/202211/th_271252415087e90.jpg]
[platform-cdn.redprinting.co.kr/Itscard/userdata/202211/th_271253437767e90.jpg]
[platform-cdn.redprinting.co.kr/Itscard/userdata/202211/th_271253593247e90.jpg]
[platform-cdn.redprinting.co.kr/Itscard/userdata/202211/th_271225238247e90.jpg]
[platform-cdn.redprinting.co.kr/Itscard/userdata/202211/th_271225292407e90.jpg]
[platform-cdn.redprinting.co.kr/Itscard/userdata/202211/th_271225353567e90.jpg]
[platform-cdn.redprinting.co.kr/Itscard/userdata/202211/th_271225434727e90.jpg]
[platform-cdn.redprinting.co.kr/Itscard/userdata/202211/th_271251340327e90.jpg]
[platform-cdn.redprinting.co.kr/Itscard/userdata/202211/th_271251041287e90.jpg]
[platform-cdn.redprinting.co.kr/Itscard/userdata/202211/th_271251513607e90.jpg]
[platform-cdn.redprinting.co.kr/Itscard/userdata/202211/th_271252017567e90.jpg]
[platform-cdn.redprinting.co.kr/Itscard/userdata/202211/th_271224412880fb3.jpg]
[platform-cdn.redprinting.co.kr/Itscard/userdata/202211/th_27122441288.jpg]
[platform-cdn.redprinting.co.kr/Itscard/userdata/202211/th_271252415080fb3.jpg]
[platform-cdn.redprinting.co.kr/Itscard/userdata/202211/th_27125241508.jpg]
[platform-cdn.redprinting.co.kr/Itscard/userdata/202211/th_271253437760fb3.jpg]
[platform-cdn.redprinting.co.kr/Itscard/userdata/202211/th_27125343776.jpg]
[platform-cdn.redprinting.co.kr/Itscard/userdata/202211/th_271253593240fb3.jpg]
[platform-cdn.redprinting.co.kr/Itscard/userdata/202211/th_27125359324.jpg]
[platform-cdn.redprinting.co.kr/Itscard/userdata/202211/th_271225238240fb3.jpg]
[platform-cdn.redprinting.co.kr/Itscard/userdata/202211/th_27122523824.jpg]
[platform-cdn.redprinting.co.kr/Itscard/userdata/202211/th_271225292400fb3.jpg]
[platform-cdn.redprinting.co.kr/Itscard/userdata/202211/th_27122529240.jpg]
[platform-cdn.redprinting.co.kr/Itscard/userdata/202211/th_271225353560fb3.jpg]
[platform-cdn.redprinting.co.kr/Itscard/userdata/202211/th_27122535356.jpg]
[platform-cdn.redprinting.co.kr/Itscard/userdata/202211/th_271225434720fb3.jpg]
[platform-cdn.redprinting.co.kr/Itscard/userdata/202211/th_27122543472.jpg]
[platform-cdn.redprinting.co.kr/Itscard/userdata/202211/th_271251340320fb3.jpg]
[platform-cdn.redprinting.co.kr/Itscard/userdata/202211/th_27125134032.jpg]
[platform-cdn.redprinting.co.kr/Itscard/userdata/202211/th_271251041280fb3.jpg]
[platform-cdn.redprinting.co.kr/Itscard/userdata/202211/th_27125104128.jpg]
[platform-cdn.redprinting.co.kr/Itscard/userdata/202211/th_271251513600fb3.jpg]
[platform-cdn.redprinting.co.kr/Itscard/userdata/202211/th_27125151360.jpg]
[platform-cdn.redprinting.co.kr/Itscard/userdata/202211/th_271252017560fb3.jpg]
[platform-cdn.redprinting.co.kr/Itscard/userdata/202211/th_27125201756.jpg]
[mcard.itscard.co.kr/tomjinah.html]
[fonts.googleapis.com/earlyaccess/kopubbatang.css]
[fonts.googleapis.com/earlyaccess/nanummyeongjo.css]
[fonts.googleapis.com/earlyaccess/notosanskr.css]
[fonts.googleapis.com/earlyaccess/nanumgothic.css]
[map.kakao.com/index3692.html]
[m.map.naver.com/directions/index416a.html]
[map.kakao.com/index0e64.html]
[m.map.naver.com/directions/index0c33.html]
[t1.daumcdn.net/kakaomapweb/map/202212011415324/app_A.css]
[t1.daumcdn.net/kakaomapweb/map/202212011415324/app_B.css]
[t1.daumcdn.net/kakaomapweb/map/202212011415324/app_C.css]
[t1.daumcdn.net/kakaomapweb/map/202212011415324/app_D.css]
[t1.daumcdn.net/kakaomapweb/map/202212011415324/canvas_roadview.css]
[t1.daumcdn.net/kakaomapweb/subway/linemap/canvas/prod/css/subway.css]
[map.kakao.com/favicon.ico]
[map.kakao.com/OpenSearch.xml]
[map.kakao.com/indexf86c.html]
[t1.daumcdn.net/mapjsapi/images/transparent.gif]
[map.kakao.com/iptargeting/form.html]
[t1.daumcdn.net/cssjs/JSON-js/fc535e9cc8/json2.min.js]
[t1.daumcdn.net/tiara/js/v1/tiara.min.js]
[t1.daumcdn.net/cssjs/mapweb/1500538479259/Chart.min.js]
[mk.kakaocdn.net/dn/platformfe/agent/v2_2_0/agent.js]
[t1.daumcdn.net/kakaomapweb/resource/require-2.1.0.js]
[t1.daumcdn.net/cssjs/jquery/plugin/jquery.cookie-1.0.0.min.js]
[t1.daumcdn.net/cssjs/jquery/jquery-1.8.1.min.js]
[t1.daumcdn.net/daumtop_deco/socialshare/socialshare_pc-2.4.4.js]
[t1.daumcdn.net/kakaomapweb/cssjs/hls-0.12.4.min.js]
[ssl.daumcdn.net/dmaps/map_js_init/v3.js]
[t1.daumcdn.net/mapjsapi/js/libs/congnamul.js]
[map.kakao.com/iptargeting/location]
[t1.daumcdn.net/mapjsapi/bundle/prod/panorama.js]
[t1.daumcdn.net/kas/static/na.min.js]
[t1.daumcdn.net/kakaomapweb/subway/linemap/canvas/prod/subway.bundle.js]
[map.kakao.com/index0e64.html]
[ssl.pstatic.net/static/maps/m/og_route.png]
[ssl.pstatic.net/static/maps/m/icon/ic_ad_map1_96X96.png]
[ssl.pstatic.net/static/maps/m/icon/NAVER_Map_114X114_iphone4.png]
[ssl.pstatic.net/static/maps/m/icon/NAVER_Map_120X120_iphone.png]
[ssl.pstatic.net/static/maps/m/icon/NAVER_Map_152X152_ipad_retina.png]
[t1.daumcdn.net/kakaomapweb/map/202212011415324/app.js]
[ssl.pstatic.net/static/maps/m/icon/NAVER_Map_36_36.png]
[ssl.pstatic.net/static/maps/m/icon/NAVER_Map_48_48.png]
[ssl.pstatic.net/static/maps/m/icon/NAVER_Map_72X72_android_WVGA.png]
[ssl.pstatic.net/static/maps/m/icon/NAVER_Map_108_108.png]
[ssl.pstatic.net/static/maps/m/icon/NAVER_Map_144_144.png]
[static.nid.naver.com/images/web/user/img_aside_photo_default.png]
[ssl.pstatic.net/static/maps/m/banner_routehome_v2.png]
[ssl.pstatic.net/static/maps/m/logo_naver.png]
[m.map.naver.com/directions/index0c33.html]
[t1.daumcdn.net/localimg/localimages/07/2018/pc/info/shadow_info_section.png]
[t1.daumcdn.net/localimg/localimages/07/2018/pc/adItem/ico_ad.png]
[t1.daumcdn.net/localimg/localimages/07/2018/pc/info/shadow_info_section2x.png]
[t1.daumcdn.net/localimg/localimages/07/2018/pc/route/flag_route2x.png]
[t1.daumcdn.net/localimg/localimages/07/2013/img/img_newico2.png]
[t1.daumcdn.net/localimg/localimages/07/2018/pc/common/num_fav.png]
[t1.daumcdn.net/localimg/localimages/07/2018/pc/addressItem/ico_folder_addr.png]
[t1.daumcdn.net/localimg/localimages/07/2018/pc/common/ico_fav2x.png]
[t1.daumcdn.net/localimg/localimages/07/2018/pc/common/num_fav2x.png]
[t1.daumcdn.net/localimg/localimages/07/2018/pc/tool/btn_close_s.png]
[t1.daumcdn.net/localimg/localimages/07/2018/pc/tool/dot_blue2x.png]
[t1.daumcdn.net/localimg/localimages/07/2018/pc/tool/n_local_btn_172x.png]
[t1.daumcdn.net/localimg/localimages/07/2018/pc/common/ico_fav_b2x.png]
[t1.daumcdn.net/localimg/localimages/07/2018/pc/checkpointItem/ico_number_list_map.png]
[t1.daumcdn.net/localimg/localimages/07/2018/pc/route/ico_atten.png]
[t1.daumcdn.net/localimg/localimages/07/2018/pc/route/ico_set.png]
[t1.daumcdn.net/localimg/localimages/07/2018/pc/icon/ico_roadview.png]
[t1.daumcdn.net/localimg/localimages/07/2018/pc/checkpointItem/ico_number_list_map2x.png]
[t1.daumcdn.net/localimg/localimages/07/2018/pc/route/ico_atten2x.png]
[t1.daumcdn.net/localimg/localimages/07/2018/pc/route/btn_printarrow.png]
[t1.daumcdn.net/localimg/localimages/07/2018/pc/route/btn_printarrow2x.png]
[t1.daumcdn.net/localimg/localimages/07/2018/pc/bikeRouteLegend/route_bicycle_road_notice2x.png]
[t1.daumcdn.net/localimg/localimages/07/2011/map/walk/btn_road_search_111207.gif]
[t1.daumcdn.net/localimg/localimages/07/2018/pc/common/img_tooltip_190715.png]
[t1.daumcdn.net/localimg/localimages/07/2018/pc/busLineView/pannel_busLineWrap.png]
[t1.daumcdn.net/localimg/localimages/07/2018/pc/busLineView/bg_infoEtc.png]
[t1.daumcdn.net/localimg/localimages/07/2018/pc/common/img_tooltip2x_190715.png]
[t1.daumcdn.net/localimg/localimages/07/2018/pc/busLineView/pannel_headbg2x.png]
[t1.daumcdn.net/localimg/localimages/07/2016/pc/img_provide7.png]
[t1.daumcdn.net/localimg/localimages/07/2014/img/ico_alert.png]
[t1.daumcdn.net/localimg/localimages/07/2018/pc/messageView/ico_sort_arrow.png]
[t1.daumcdn.net/localimg/localimages/07/2018/pc/messageView/ico_sort_arrow2x.png]
[t1.daumcdn.net/localimg/localimages/07/2018/pc/common/tooltip_list_bus_turn.png]
[t1.daumcdn.net/localimg/localimages/07/2018/pc/common/img_tooltip2x_190531.png]
[t1.daumcdn.net/localimg/localimages/07/2018/pc/common/tooltip_list_bus_turn2x.png]
[t1.daumcdn.net/localimg/localimages/07/2018/pc/busPositionView/combined_fst.png]
[t1.daumcdn.net/localimg/localimages/07/2018/pc/busPositionView/combined_lst.png]
[t1.daumcdn.net/localimg/localimages/07/2012/img/pannel_tooltip_07.gif]
[t1.daumcdn.net/localimg/localimages/07/2018/pc/busPositionView/combined_fst2x.png]
[t1.daumcdn.net/localimg/localimages/07/2018/pc/routeSearch/btn_roadsearch.png]
[t1.daumcdn.net/localimg/localimages/07/2018/pc/routeSearch/shadow_info_section.png]
[t1.daumcdn.net/localimg/localimages/07/2018/pc/common/ico_search.png]
[t1.daumcdn.net/localimg/localimages/07/2018/pc/info/ico_road_arrow.png]
[t1.daumcdn.net/localimg/localimages/07/2018/pc/info/shadow_info_section_end.png]
[t1.daumcdn.net/localimg/localimages/07/2018/pc/common/ico_search2x.png]
[t1.daumcdn.net/localimg/localimages/07/2018/pc/info/shadow_info_section_end2x.png]
[t1.daumcdn.net/localimg/localimages/07/2010/map/gnb/bt_bus.gif]
[t1.daumcdn.net/localimg/localimages/07/2018/pc/route/flag_route.png]
[t1.daumcdn.net/localimg/localimages/07/2018/pc/route/FlagItemInfoLayer-shadow.png]
[t1.daumcdn.net/localimg/localimages/07/2018/pc/busLineView/pannel_busLineBg_191113.png]
[t1.daumcdn.net/localimg/localimages/07/2018/pc/busLineView/pannel_busLineBg2x_191113.png]
[t1.daumcdn.net/localimg/localimages/07/2018/pc/busLineView/pannel_busLineWrap2x.png]
[t1.daumcdn.net/localimg/localimages/07/2018/pc/common/ico_fav.png]
[t1.daumcdn.net/localimg/localimages/07/2018/pc/common/ico_roadview.png]
[t1.daumcdn.net/localimg/localimages/07/2018/pc/route/ico_bus.png]
[t1.daumcdn.net/localimg/localimages/07/2018/pc/common/search_btn_refresh_normal2x.png]
[t1.daumcdn.net/localimg/localimages/07/2018/pc/route/ico_bus2x.png]
[t1.daumcdn.net/localimg/localimages/07/2011/image/btn_thumb_road.png]
[t1.daumcdn.net/localimg/localimages/07/2011/image/btn_map1.gif]
[t1.daumcdn.net/localimg/localimages/07/2014/img/ico_pathfind.png]
[t1.daumcdn.net/localimg/localimages/07/2018/pc/common/ico_filter_arr_b.png]
[t1.daumcdn.net/localimg/localimages/07/2018/pc/route/ico_check_live.png]
[t1.daumcdn.net/localimg/localimages/07/2018/pc/route/ico_check_live2x.png]
[t1.daumcdn.net/localimg/localimages/07/2018/pc/roughMap/bt_map.png]
[t1.daumcdn.net/localimg/localimages/07/2014/img/img_route_logo.png]
[t1.daumcdn.net/localimg/localimages/07/2014/img/ico_route_car_150205.png]
[t1.daumcdn.net/localimg/localimages/07/2015/pc/bt_roadview_play_over.png]
[t1.daumcdn.net/localimg/localimages/07/2011/image/bg_roadviewon.png]
[t1.daumcdn.net/localimg/localimages/07/2011/icon/ico_restarea.gif]
[t1.daumcdn.net/localimg/localimages/07/2011/icon/b_2_bbbbbb.gif]
[t1.daumcdn.net/localimg/localimages/07/2018/pc/route/ico_set2x.png]
[t1.daumcdn.net/localimg/localimages/07/2018/pc/img/ico_num_list.png]
[t1.daumcdn.net/localimg/localimages/07/2018/pc/route/ico_exnaroad2x.png]
[t1.daumcdn.net/localimg/localimages/07/2018/pc/img/ico_num_list2x.png]
[t1.daumcdn.net/localimg/localimages/07/2018/pc/context/ico_context.png]
[t1.daumcdn.net/localimg/localimages/07/2018/pc/context/bg_context2x_190408.png]
[t1.daumcdn.net/localimg/localimages/07/2018/pc/context/ico_context2x.png]
[t1.daumcdn.net/localimg/localimages/07/2018/pc/tool/dot2x.png]
[t1.daumcdn.net/localimg/localimages/07/2018/pc/tool/n_local_btn_132x.png]
[t1.daumcdn.net/localimg/localimages/07/2018/pc/dupListView/ico_rel.png]
[t1.daumcdn.net/localimg/localimages/07/2018/pc/common/ico_filter_arrow2x.png]
[t1.daumcdn.net/localimg/localimages/07/2018/pc/coachMark/ico_coach.png]
[t1.daumcdn.net/localimg/localimages/07/2018/pc/coachMark/ico_coach2.png]
[t1.daumcdn.net/localimg/localimages/07/2018/pc/coachMark/ico_coach2x.png]
[t1.daumcdn.net/localimg/localimages/07/2018/pc/coachMark/ico_coach22x.png]
[t1.daumcdn.net/kakaomapweb/map/202212011415324/app_A.css]
[t1.daumcdn.net/localimg/localimages/07/2018/pc/favorite/ico_pin2.png]
[t1.daumcdn.net/localimg/localimages/07/2018/pc/favorite/ico_search_history.png]
[t1.daumcdn.net/localimg/localimages/07/2017/pc/ico_pin_interlock.png]
[i1.daumcdn.net/localimg/localimages/07/2016/map/bg_maplogin.gif]
[t1.daumcdn.net/localimg/localimages/07/2016/map/btn_interlock_161207.png]
[t1.daumcdn.net/localimg/localimages/07/2018/pc/favorite/ico_favorite_s.png]
[t1.daumcdn.net/localimg/localimages/07/2018/pc/favorite/ico_path_s.png]
[t1.daumcdn.net/localimg/localimages/07/2018/pc/favorite/ico_favorite_etc_190715.png]
[t1.daumcdn.net/localimg/localimages/07/2018/pc/favorite/bg_route.png]
[i1.daumcdn.net/localimg/localimages/07/2016/map/tab_map_favorite.gif]
[t1.daumcdn.net/localimg/localimages/07/2018/pc/favorite/ico_pin_s.png]
[t1.daumcdn.net/localimg/localimages/07/2018/pc/favorite/ico_noti.png]
[t1.daumcdn.net/localimg/localimages/07/2018/pc/favorite/img_default.png]
[t1.daumcdn.net/localimg/localimages/07/2018/pc/favorite/ico_favorite_210805.png]
[t1.daumcdn.net/localimg/localimages/07/2018/pc/favorite/ico_folder_221014.png]
[t1.daumcdn.net/localimg/localimages/07/2018/pc/favorite/img_default_s.png]
[t1.daumcdn.net/localimg/localimages/07/2018/pc/favorite/ico_favorite_toast.png]
[t1.daumcdn.net/localimg/localimages/07/2018/pc/favorite/bg_favorite_layer.png]
[t1.daumcdn.net/localimg/localimages/07/2018/pc/favorite/ico_favorite_save.png]
[t1.daumcdn.net/localimg/localimages/07/2018/pc/common/img_com.png]
[t1.daumcdn.net/localimg/localimages/07/2018/pc/favorite/ico_folder_add_221014.png]
[t1.daumcdn.net/localimg/localimages/07/2018/pc/favorite/ico_folder_option_221014.png]
[t1.daumcdn.net/localimg/localimages/07/2018/pc/favorite/ico_noti_210119.png]
[t1.daumcdn.net/localimg/localimages/07/2016/map/img_loading.gif]
[i1.daumcdn.net/localimg/localimages/07/2016/map/bg_interlock.png]
[i1.daumcdn.net/localimg/localimages/07/2016/map/bg_route.png]
[i1.daumcdn.net/localimg/localimages/07/2016/map/bg_linkage.gif]
[i1.daumcdn.net/localimg/localimages/07/2016/map/bg_linkage2.gif]
[t1.daumcdn.net/localimg/localimages/07/2018/pc/favorite/ico_pin22x.png]
[t1.daumcdn.net/localimg/localimages/07/2018/pc/favorite/ico_interlock22x_190924.png]
[t1.daumcdn.net/localimg/localimages/07/2018/pc/favorite/ico_favorite2x_210805.png]
[t1.daumcdn.net/localimg/localimages/07/2018/pc/favorite/bg_favorite_layer2x.png]
[t1.daumcdn.net/localimg/localimages/07/2018/pc/favorite/ico_folder_add2x_221014.png]
[t1.daumcdn.net/localimg/localimages/07/2018/pc/favorite/ico_noti2x_210119.png]
[t1.daumcdn.net/localimg/localimages/07/2018/pc/favorite/ico_favorite_etc2x_190715.png]
[t1.daumcdn.net/localimg/localimages/07/2018/pc/favorite/ico_noti2x.png]
[t1.daumcdn.net/localimg/localimages/07/2018/pc/favoriteListView/ico_function.png]
[t1.daumcdn.net/localimg/localimages/07/2018/pc/favoriteListView/ico_function2x.png]
[t1.daumcdn.net/localimg/localimages/07/2018/pc/favoriteListView/ico_mypage_220719.png]
[t1.daumcdn.net/localimg/localimages/07/2018/pc/favoriteListView/ico_directory_221014.png]
[t1.daumcdn.net/localimg/localimages/07/2018/pc/favoriteListView/ico_path.png]
[t1.daumcdn.net/localimg/localimages/07/2018/pc/favoriteListView/ico_favorite.png]
[t1.daumcdn.net/localimg/localimages/07/2018/pc/common/img_tooltip_190531.png]
[t1.daumcdn.net/localimg/localimages/07/2018/pc/placeItem/ico_star.png]
[t1.daumcdn.net/localimg/localimages/07/2018/pc/info/bg_searchnone.png]
[t1.daumcdn.net/localimg/localimages/07/2018/pc/title/empty_user2x.png]
[t1.daumcdn.net/localimg/localimages/07/2018/pc/info/ico_page.png]
[t1.daumcdn.net/localimg/localimages/07/2018/pc/favoriteListView/ico_mypage2x_220719.png]
[t1.daumcdn.net/localimg/localimages/07/2018/pc/favoriteListView/ico_favorite2x.png]
[t1.daumcdn.net/localimg/localimages/07/2018/pc/placeItem/ico_star2x.png]
[t1.daumcdn.net/localimg/localimages/07/2018/pc/info/bg_searchnone2x.png]
[t1.daumcdn.net/localimg/localimages/07/2018/pc/favorite/img_default_s2x.png]
[t1.daumcdn.net/localimg/localimages/07/2018/pc/favoriteMarkerTooltip/marker_fav2x.png]
[t1.daumcdn.net/localimg/localimages/07/2018/pc/common/ico_filter_arrow.png]
[t1.daumcdn.net/localimg/localimages/07/2018/pc/common/img_search.png]
[t1.daumcdn.net/localimg/localimages/07/2018/pc/flagImg/blue_move.png]
[t1.daumcdn.net/localimg/localimages/07/2012/img/invisible.png]
[t1.daumcdn.net/localimg/localimages/07/2018/pc/common/img_search2x.png]
[t1.daumcdn.net/localimg/localimages/07/2018/pc/flagImg/blue_move2x.png]
[t1.daumcdn.net/localimg/localimages/07/2018/pc/flagItemInfoLayer/btn_direction.png]
[t1.daumcdn.net/localimg/localimages/07/2018/pc/flagItemInfoLayer/btn_flag.png]
[t1.daumcdn.net/localimg/localimages/07/2018/pc/flagItemInfoLayer/btn_flag_xsmall.png]
[t1.daumcdn.net/localimg/localimages/07/2018/pc/flagItemInfoLayer/btn_flag2x.png]
[t1.daumcdn.net/localimg/localimages/07/2018/pc/flagItemInfoLayer/btn_direction2x.png]
[t1.daumcdn.net/localimg/localimages/07/2018/pc/footer/bg_copyright.png]
[t1.daumcdn.net/localimg/localimages/07/2018/pc/footer/img_copyright2x.png]
[t1.daumcdn.net/localimg/localimages/07/2018/pc/roadview/roadview_minimap_expanded.png]
[t1.daumcdn.net/localimg/localimages/07/2018/pc/roadview/roadview_minimap_horizontal.png]
[t1.daumcdn.net/localimg/localimages/07/2018/pc/roadview/roadview_minimap_drag.png]
[t1.daumcdn.net/localimg/localimages/07/2018/pc/roadview/roadview_minimap_toggle.png]
[t1.daumcdn.net/localimg/localimages/07/2018/pc/roadview/roadview_minimap_vertical2x.png]
[t1.daumcdn.net/localimg/localimages/07/2018/pc/roadview/roadview_minimap_expanded2x.png]
[t1.daumcdn.net/localimg/localimages/07/2018/pc/roadview/roadview_minimap_toggle2x.png]
[t1.daumcdn.net/localimg/localimages/07/2018/pc/howto/bg_none_bus.png]
[t1.daumcdn.net/localimg/localimages/07/2018/pc/howto/bg_none_my3.png]
[t1.daumcdn.net/localimg/localimages/07/2018/pc/howto/bg_none_myjoin3.png]
[t1.daumcdn.net/localimg/localimages/07/2018/pc/howto/bg_none_route2x.png]
[t1.daumcdn.net/localimg/localimages/07/2018/pc/howto/bg_none_my2x.png]
[t1.daumcdn.net/localimg/localimages/07/2018/pc/howto/bg_none_myjoin22x.png]
[t1.daumcdn.net/localimg/localimages/07/2008/map/new/n_local_step_arrow.gif]
[t1.daumcdn.net/localimg/localimages/07/2017/pc/road_bn4_2.png]
[t1.daumcdn.net/localimg/localimages/07/subway/ico_subway_01.gif]
[t1.daumcdn.net/localimg/localimages/07/2012/img/img_tooltip2_4.png]
[t1.daumcdn.net/localimg/localimages/07/2018/pc/icon/img_star.png]
[t1.daumcdn.net/localimg/localimages/07/2011/icon/ico_ride2.gif]
[t1.daumcdn.net/localimg/localimages/07/2011/image/img_dng.png]
[t1.daumcdn.net/localimg/localimages/07/2017/pc/ico_number_list_map.png]
[t1.daumcdn.net/localimg/localimages/07/2013/img/ico_num.png]
[t1.daumcdn.net/localimg/localimages/07/2011/map/road/ico_road_numdot.gif]
[t1.daumcdn.net/localimg/localimages/07/2011/map/walk/txt_num.png]
[t1.daumcdn.net/localimg/localimages/07/2014/map/map_legend_layer_2.png]
[i1.daumcdn.net/localimg/localimages/07/2016/pc/favorite/gnb_map_160727.gif]
[t1.daumcdn.net/localimg/localimages/07/2009/map/s_img/bt_layer_tab.gif]
[t1.daumcdn.net/localimg/localimages/07/2008/map/new/n_local_blit_32.gif]
[i1.daumcdn.net/icon/top/2008/ic_ber01.gif]
[t1.daumcdn.net/localimg/localimages/07/2011/icon/ico_noresult.gif]
[t1.daumcdn.net/localimg/localimages/07/2014/fiy/ico_place.png]
[t1.daumcdn.net/localimg/localimages/07/2018/pc/info/bg_none.png]
[t1.daumcdn.net/localimg/localimages/07/2018/pc/info/btn_none.png]
[t1.daumcdn.net/localimg/localimages/07/2007/food/dot_01.gif]
[t1.daumcdn.net/localimg/localimages/07/2011/icon/ico_noresult2.gif]
[t1.daumcdn.net/localimg/localimages/07/2018/pc/info/ico_current_list.png]
[t1.daumcdn.net/localimg/localimages/07/2018/pc/info/ico_around.png]
[t1.daumcdn.net/localimg/localimages/07/2012/img/ico_searchmap3.png]
[t1.daumcdn.net/localimg/localimages/07/2018/pc/info/ico_notice.png]
[t1.daumcdn.net/localimg/localimages/07/2018/pc/info/ico_paging.png]
[t1.daumcdn.net/localimg/localimages/07/2018/pc/info/ico_road_arrow2x.png]
[t1.daumcdn.net/localimg/localimages/07/2018/pc/info/bt-gotop2x.png]
[t1.daumcdn.net/localimg/localimages/07/2018/pc/info/ico_paging2x.png]
[t1.daumcdn.net/localimg/localimages/07/2018/pc/infoWindow/pannel_tooltip_top.png]
[t1.daumcdn.net/localimg/localimages/07/2018/pc/placeItem/ico_noti.png]
[t1.daumcdn.net/localimg/localimages/07/2018/pc/infoWindow/pannel_tooltip_arr2x.png]
[t1.daumcdn.net/localimg/localimages/07/2018/pc/placeItem/ico_noti2x.png]
[t1.daumcdn.net/kakaomapweb/map/202212011415324/app_B.css]
[t1.daumcdn.net/localimg/localimages/07/2018/pc/layerLegend/img_legend_190524.png]
[t1.daumcdn.net/localimg/localimages/07/2014/map/local_legend_element.png]
[t1.daumcdn.net/localimg/localimages/07/2018/pc/layerLegend/img_legend2x_190524.png]
[t1.daumcdn.net/localimg/localimages/07/2018/pc/common/loading.png]
[t1.daumcdn.net/localimg/localimages/07/2018/pc/common/loading2x.png]
[t1.daumcdn.net/localimg/localimages/07/2018/pc/localInfo/box_localinfomap_bg.png]
[t1.daumcdn.net/localimg/localimages/07/2018/pc/localInfo/ico_more.png]
[t1.daumcdn.net/localimg/localimages/07/2018/pc/subway/ico_subway_local.png]
[t1.daumcdn.net/localimg/localimages/07/2018/pc/subway/ico_subway_express.png]
[t1.daumcdn.net/localimg/localimages/07/2018/pc/localInfo/img_wt_u.png]
[t1.daumcdn.net/localimg/localimages/07/2014/img/bg_map_bar.png]
[t1.daumcdn.net/localimg/localimages/07/2018/pc/localInfo/box_localinfomap_bg2x.png]
[t1.daumcdn.net/localimg/localimages/07/2018/pc/localInfo/ico_more2x.png]
[t1.daumcdn.net/localimg/localimages/07/2018/pc/subway/ico_subway_express2x.png]
[t1.daumcdn.net/localimg/localimages/07/2008/map/new/navi/ico_more_spr2.gif]
[t1.daumcdn.net/localimg/localimages/07/2011/map/search/bt_map_text.gif]
[t1.daumcdn.net/localimg/localimages/07/2014/img/ico_paging.gif]
[t1.daumcdn.net/localimg/localimages/07/2011/map/common/btn_road_radio.gif]
[t1.daumcdn.net/localimg/localimages/07/2013/theme/title_theme.png]
[t1.daumcdn.net/localimg/localimages/07/2018/pc/flash/btn_close.png]
[t1.daumcdn.net/localimg/localimages/07/2018/pc/common/img_coachMark.png]
[t1.daumcdn.net/localimg/localimages/07/2018/pc/mapControlView/img_MapZoomControl.png]
[t1.daumcdn.net/localimg/localimages/07/2011/map/toolbar/bt_map_2a.png]
[t1.daumcdn.net/localimg/localimages/07/2013/img/bt_map_131024.png]
[t1.daumcdn.net/localimg/localimages/07/2018/pc/mapControlView/bg_trafficMenu.png]
[t1.daumcdn.net/localimg/localimages/07/2018/pc/common/ico_choice_SkyviewOptions.png]
[t1.daumcdn.net/localimg/localimages/07/2014/fiy/bt_map_140725.png]
[t1.daumcdn.net/localimg/localimages/07/2018/pc/mapControlView/bg_trafficMenu2x.png]
[t1.daumcdn.net/localimg/localimages/07/2018/pc/mapTypeControl/img_MapTypeControl2x.png]
[t1.daumcdn.net/localimg/localimages/07/2018/pc/roadview_minimap_wk_2018.png]
[t1.daumcdn.net/localimg/localimages/07/2012/roadview/new_2015_roadview_minimap_wk.png]
[t1.daumcdn.net/localimg/localimages/07/2018/pc/rtn/roadview_minimap_wk_2018.png]
[t1.daumcdn.net/localimg/localimages/07/2018/pc/img/bg_coach_w.png]
[t1.daumcdn.net/localimg/localimages/07/2018/pc/img/bg_rv_coach_w.png]
[t1.daumcdn.net/localimg/localimages/07/2018/pc/img/bg_rv_coach_w_body.png]
[t1.daumcdn.net/localimg/localimages/07/2018/pc/img/bg_coach_w_body2x.png]
[t1.daumcdn.net/localimg/localimages/07/2008/map/n_result/bg_triangle_w.png]
[t1.daumcdn.net/localimg/localimages/07/2018/pc/miniTooltip/bg_tip.png]
[t1.daumcdn.net/localimg/localimages/07/2018/pc/mediumTooltip/bg_tip_arrow.png]
[t1.daumcdn.net/localimg/localimages/07/2018/pc/miniTooltip/bg_tip2x.png]
[t1.daumcdn.net/localimg/localimages/07/2018/pc/miniMapTypeControl/img_MiniMapTypeControl2x.png]
[t1.daumcdn.net/localimg/localimages/07/2018/pc/miniTooltip/bg_tip_body2x.png]
[t1.daumcdn.net/localimg/localimages/07/2018/pc/miniZoomControl/img_MiniZoomControl2x.png]
[t1.daumcdn.net/localimg/localimages/07/2011/map/road/btn_road_point.gif]
[t1.daumcdn.net/localimg/localimages/07/2018/pc/placeInfoWindow/frame_g.png]
[t1.daumcdn.net/localimg/localimages/07/2017/pc/ico_info_realestate.png]
[t1.daumcdn.net/localimg/localimages/07/2011/map/detail/bg_comm_151103.gif]
[t1.daumcdn.net/localimg/localimages/07/2018/pc/placeInfoWindow/frame_g2x.png]
[t1.daumcdn.net/localimg/localimages/07/2012/popup/bt_tool.gif]
[t1.daumcdn.net/localimg/localimages/07/2013/theme/img_theme_tooltip.png]
[t1.daumcdn.net/localimg/localimages/07/2018/pc/placeItem/ico_ad.png]
[t1.daumcdn.net/localimg/localimages/07/2018/pc/placeItem/tvinfolabel.png]
[t1.daumcdn.net/localimg/localimages/07/2011/icon/bullet_biz.gif]
[t1.daumcdn.net/localimg/localimages/07/2018/pc/tool/dot_magenta.png]
[t1.daumcdn.net/localimg/localimages/07/2018/pc/tool/dot_magenta2x.png]
[t1.daumcdn.net/localimg/localimages/07/2018/pc/tool/n_local_btn_close_magenta2x.png]
[t1.daumcdn.net/localimg/localimages/07/2018/pc/roadviewPreviewPanel/bg_roadviewon2x.png]
[t1.daumcdn.net/localimg/localimages/07/2018/pc/route/new_tooltip_body.png]
[t1.daumcdn.net/localimg/localimages/07/2018/pc/route/new_tooltip_roadview.png]
[t1.daumcdn.net/localimg/localimages/07/2018/pc/route/new_tooltip_next.png]
[t1.daumcdn.net/localimg/localimages/07/2018/pc/route/bubble-tale_big_n2x.png]
[t1.daumcdn.net/localimg/localimages/07/2018/pc/route/new_tooltip_bg2x.png]
[t1.daumcdn.net/localimg/localimages/07/2011/icon/button_new.gif]
[t1.daumcdn.net/localimg/localimages/07/2018/pc/routeMethodTabView/bt_route_search_reform2x.png]
[t1.daumcdn.net/localimg/localimages/07/2018/pc/routePoiControlView/coach_theme_route.png]
[t1.daumcdn.net/localimg/localimages/07/2018/pc/routePoiControlView/bg_theme_route2x.png]
[t1.daumcdn.net/localimg/localimages/07/2018/pc/routePoiControlView/ico_theme_route2x.png]
[t1.daumcdn.net/localimg/localimages/07/2010/map/gnb/sr_box_on.gif]
[t1.daumcdn.net/localimg/localimages/07/2010/map/gnb/sr_bgbox.gif]
[t1.daumcdn.net/localimg/localimages/07/2010/map/gnb/bt_search.png]
[t1.daumcdn.net/localimg/localimages/07/2010/map/gnb/bt_change.gif]
[t1.daumcdn.net/localimg/localimages/07/2010/map/gnb/sr_box_off.gif]
[t1.daumcdn.net/localimg/localimages/07/2018/pc/routeSearch/btn_roadsearch2x.png]
[t1.daumcdn.net/localimg/localimages/07/2018/pc/route/new_line_icon_getoff_over_220511.png]
[t1.daumcdn.net/localimg/localimages/07/2018/pc/route/new_line_icon2x_220511.png]
[t1.daumcdn.net/localimg/localimages/07/2018/pc/route/new_line_icon_getoff2x_220511.png]
[t1.daumcdn.net/mapjsapi/images/bg_tile.png]
[t1.daumcdn.net/localimg/localimages/07/2008/map/copy_2d.png]
[t1.daumcdn.net/localimg/localimages/07/2018/pc/common/ico_fav_b.png]
[t1.daumcdn.net/localimg/localimages/07/2011/image/btn_printarrow.gif]
[t1.daumcdn.net/localimg/localimages/07/2011/map/walk/tip_detail.png]
[t1.daumcdn.net/localimg/localimages/07/2018/pc/walkTransitItemView/img_dot2x.png]
[t1.daumcdn.net/localimg/localimages/07/2018/pc/waypointBoxView/dot_drag.png]
[t1.daumcdn.net/localimg/localimages/07/2018/pc/waypointBoxView/tit_road_search.png]
[t1.daumcdn.net/localimg/localimages/07/2018/pc/waypointBoxView/dot_drag2x.png]
[t1.daumcdn.net/localimg/localimages/07/2018/pc/wt/pn_wt.png]
[t1.daumcdn.net/localimg/localimages/07/2018/pc/wt/pn_wt_p.png]
[t1.daumcdn.net/localimg/localimages/07/2018/pc/infoWindow/pannel_tooltip_arr.png]
[t1.daumcdn.net/localimg/localimages/07/2018/pc/wt/tooltip_wt_191113.png]
[t1.daumcdn.net/localimg/localimages/07/2018/pc/weather/ico_wt_s_02_210512.png]
[t1.daumcdn.net/localimg/localimages/07/2018/pc/wt/pn_wt2x.png]
[t1.daumcdn.net/localimg/localimages/07/2018/pc/weather/ico_wt_m_02_2105122x.png]
[t1.daumcdn.net/localimg/localimages/07/2018/pc/weather/ico_wt_b_02_2105122x.png]
[t1.daumcdn.net/localimg/localimages/07/2018/pc/migration/ico_migration2x_190404.png]
[t1.daumcdn.net/localimg/localimages/07/2018/pc/walkThrough/ico_walkthrough.png]
[t1.daumcdn.net/localimg/localimages/07/2018/pc/walkThrough/ico_walkthrough2x.png]
[t1.daumcdn.net/kakaomapweb/map/202212011415324/app_C.css]
[t1.daumcdn.net/localimg/localimages/07/2018/pc/search/ico_checkbox_190708.png]
[t1.daumcdn.net/localimg/localimages/07/2018/pc/search/ico_checkbox2x_190708.png]
[t1.daumcdn.net/localimg/localimages/07/2018/pc/shadow/img_navi2x.png]
[t1.daumcdn.net/localimg/localimages/07/2018/pc/map/sky_bullet.png]
[t1.daumcdn.net/localimg/localimages/07/2018/pc/map/sky_bg2x.png]
[t1.daumcdn.net/localimg/localimages/07/2018/pc/map/sky_bg_body2x.png]
[t1.daumcdn.net/localimg/localimages/07/2018/pc/common/ico_choice_SkyviewOptions2x.png]
[t1.daumcdn.net/localimg/localimages/07/2018/pc/migration/ico_migration_190404.png]
[t1.daumcdn.net/localimg/localimages/07/2018/pc/snb/img_snb2x.png]
[t1.daumcdn.net/localimg/localimages/07/2011/image/map_bt_store_layer.gif]
[t1.daumcdn.net/localimg/localimages/07/2011/map/subway/box_subway_route.gif]
[t1.daumcdn.net/localimg/localimages/07/2008/map/n_local_btn_23.gif]
[t1.daumcdn.net/localimg/localimages/07/2008/map/n_local_btn_31.gif]
[t1.daumcdn.net/localimg/localimages/07/2008/map/n_local_blit_20.gif]
[t1.daumcdn.net/localimg/localimages/07/2010/map/s_img/btn_newfv.gif]
[t1.daumcdn.net/localimg/localimages/07/2009/map/s_img/bt_favo_delete.gif]
[t1.daumcdn.net/localimg/localimages/07/2018/pc/subway/bg_legend_subway.png]
[t1.daumcdn.net/localimg/localimages/07/2018/pc/subway/legend_subway_220511.png]
[t1.daumcdn.net/localimg/localimages/07/2018/pc/subway/slide_legend_subway.png]
[t1.daumcdn.net/localimg/localimages/07/2018/pc/subway/bg_legend_subway2x.png]
[t1.daumcdn.net/localimg/localimages/07/2018/pc/mapControlView/img_MapZoomControl2x.png]
[t1.daumcdn.net/localimg/localimages/07/2018/pc/route/ico_start_220511.png]
[t1.daumcdn.net/localimg/localimages/07/2018/pc/route/ico_route_220511.png]
[t1.daumcdn.net/localimg/localimages/07/2018/pc/route/ico_start2x_220511.png]
[t1.daumcdn.net/localimg/localimages/07/2013/subway/ico_subwayinfo.png]
[t1.daumcdn.net/localimg/localimages/07/2018/pc/subway/box_subway_search.png]
[t1.daumcdn.net/localimg/localimages/07/2018/pc/common/ico_delete.png]
[t1.daumcdn.net/localimg/localimages/07/2018/pc/subway/btn_subway.png]
[t1.daumcdn.net/localimg/localimages/07/2018/pc/subway/box_subway_search2x.png]
[t1.daumcdn.net/localimg/localimages/07/2018/pc/subway/btn_subway2x.png]
[t1.daumcdn.net/localimg/localimages/07/2018/pc/routeSearch/shadow_info_section2x.png]
[t1.daumcdn.net/localimg/localimages/07/2013/img/img_dot.png]
[t1.daumcdn.net/localimg/localimages/07/2018/pc/route/ico_walk_root.png]
[t1.daumcdn.net/localimg/localimages/07/2018/pc/addressItem/ico_folder_addr2x.png]
[t1.daumcdn.net/localimg/localimages/07/2018/pc/subwayStationInfoWindow/img_subway2x_220511.png]
[i1.daumcdn.net/dmaps/apis/streetview_v2_CI/rwlk_N.png]
[i1.daumcdn.net/dmaps/apis/streetview_v2_CI/rwlk_NNE.png]
[i1.daumcdn.net/dmaps/apis/streetview_v2_CI/rwlk_NEE.png]
[i1.daumcdn.net/dmaps/apis/streetview_v2_CI/rwlk_SE.png]
[i1.daumcdn.net/dmaps/apis/streetview_v2_CI/rwlk_SSW.png]
[i1.daumcdn.net/dmaps/apis/streetview_v2_CI/rwlk_W.png]
[i1.daumcdn.net/dmaps/apis/streetview_v2_CI/rwlk_NNW.png]
[i1.daumcdn.net/imgsrc.search/search_all/2009/image/suggest_service.gif]
[t1.daumcdn.net/localimg/localimages/07/2013/theme/thumb_stroke_73x66.png]
[t1.daumcdn.net/localimg/localimages/07/2014/img/img_thememap.png]
[t1.daumcdn.net/localimg/localimages/07/2013/theme/btn_share.gif]
[t1.daumcdn.net/localimg/localimages/07/2013/theme/theme_list_2.png]
[t1.daumcdn.net/localimg/localimages/07/2013/theme/theme_map_1.png]
[t1.daumcdn.net/localimg/localimages/07/2015/ndm/forsythia_s.png]
[t1.daumcdn.net/localimg/localimages/07/2015/ndm/azalea_s.png]
[t1.daumcdn.net/localimg/localimages/07/2015/ndm/cherryblossoms_s.png]
[t1.daumcdn.net/localimg/localimages/07/2014/img/title_search.png]
[t1.daumcdn.net/localimg/localimages/07/2013/theme/theme_box.png]
[t1.daumcdn.net/localimg/localimages/07/2013/theme/thumb_stroke_131x118.png]
[t1.daumcdn.net/localimg/localimages/07/2018/pc/themePoi/bg_search_210628.png]
[t1.daumcdn.net/localimg/localimages/07/2018/pc/themePoi/bg_search_2106282x.png]
[t1.daumcdn.net/localimg/localimages/07/2018/pc/title/kakaomap_logo.png]
[t1.daumcdn.net/localimg/localimages/07/2018/pc/title/bg_btn_pro.png]
[t1.daumcdn.net/localimg/localimages/07/2018/pc/title/bg_profile.png]
[t1.daumcdn.net/localimg/localimages/07/2018/pc/title/mask_profile.png]
[t1.daumcdn.net/localimg/localimages/07/2018/pc/title/bg_btn_square.png]
[t1.daumcdn.net/localimg/localimages/07/2018/pc/title/mask_file.png]
[t1.daumcdn.net/localimg/localimages/07/2018/pc/title/bg_dim_circle.png]
[t1.daumcdn.net/localimg/localimages/07/2018/pc/title/kakaomap_logo2x.png]
[t1.daumcdn.net/localimg/localimages/07/2018/pc/title/ico_menu2x.png]
[t1.daumcdn.net/localimg/localimages/07/2018/pc/title/btn_pro_empty2x.png]
[t1.daumcdn.net/localimg/localimages/07/2018/pc/title/mask_file2x.png]
[t1.daumcdn.net/localimg/localimages/07/2018/pc/tool/ico_tool.png]
[t1.daumcdn.net/localimg/localimages/07/2017/pc/icon_modify.png]
[t1.daumcdn.net/localimg/localimages/07/2018/pc/tool/bg_layer_tool2x.png]
[t1.daumcdn.net/localimg/localimages/07/2012/img/pannel_tooltip_04.gif]
[t1.daumcdn.net/localimg/localimages/07/2018/pc/route/new_bubble_bg.png]
[t1.daumcdn.net/localimg/localimages/07/2018/pc/route/new_tooltip_viewclose.png]
[t1.daumcdn.net/localimg/localimages/07/2018/pc/route/bubble-tale_n.png]
[t1.daumcdn.net/localimg/localimages/07/2018/pc/route/new_bubble_bg2x.png]
[t1.daumcdn.net/localimg/localimages/07/2018/pc/route/new_bubble_body2x.png]
[t1.daumcdn.net/localimg/localimages/07/2011/map/storeview/tip_bg.png]
[t1.daumcdn.net/localimg/localimages/07/2018/pc/route/route_ico_common_220511.png]
[t1.daumcdn.net/localimg/localimages/07/2018/pc/route/bubble-tale_big_n.png]
[t1.daumcdn.net/localimg/localimages/07/2018/pc/route/new_tooltip_roadview2x.png]
[t1.daumcdn.net/localimg/localimages/07/2018/pc/route/ico_subway.png]
[t1.daumcdn.net/localimg/localimages/07/2018/pc/icon/btn_state.png]
[t1.daumcdn.net/localimg/localimages/07/2018/pc/route/ico_subway2x.png]
[t1.daumcdn.net/localimg/localimages/07/2018/pc/icon/ico_roadview2x.png]
[t1.daumcdn.net/localimg/localimages/07/2018/pc/route/ico_route2x_220511.png]
[t1.daumcdn.net/localimg/localimages/07/2018/pc/common/ico_atten.png]
[t1.daumcdn.net/kakaomapweb/map/202212011415324/app_D.css]
[t1.daumcdn.net/localimg/localimages/07/2018/pc/roadview/ico_roadview22x_190625.png]
[t1.daumcdn.net/localimg/localimages/07/2018/pc/img/marker_type11_v12x.png]
[t1.daumcdn.net/localimg/localimages/07/2018/pc/roadview/ico_minimap.png]
[t1.daumcdn.net/localimg/localimages/07/2018/pc/canvasRoadview/ico_coach32x.png]
[t1.daumcdn.net/localimg/localimages/07/2018/pc/roadview/ico_minimap2x.png]
[t1.daumcdn.net/kakaomapweb/map/202212011415324/canvas_roadview.css]
[t1.daumcdn.net/kakaomapweb/subway/linemap/canvas/devel/img_common/startPointer.png]
[t1.daumcdn.net/kakaomapweb/subway/linemap/canvas/devel/img_common/endPointer.png]
[t1.daumcdn.net/kakaomapweb/subway/linemap/canvas/devel/img_common/pointerClose.png]
[t1.daumcdn.net/kakaomapweb/subway/linemap/canvas/prod/css/subway.css]
[map.kakao.com/indexf86c.html]
[t1.daumcdn.net/kakaomapweb/map/202212011415324/kakaomap_popup.css]
[t1.daumcdn.net/localimg/07/script/local/js/alert.js]
[map.kakao.com/iptargeting/form.html]
[t1.daumcdn.net/localimg/localimages/07/2018/pc/common/ico_info_circle.png]
[t1.daumcdn.net/localimg/localimages/07/2018/pc/detail/edit_option_tool.png]
[t1.daumcdn.net/localimg/localimages/07/2018/pc/detail/img_typeController.png]
[t1.daumcdn.net/localimg/localimages/07/2018/pc/detail/img_zoom.png]
[t1.daumcdn.net/localimg/localimages/07/2018/pc/common/img_com2x.png]
[t1.daumcdn.net/localimg/localimages/07/2018/pc/detail/edit_option_tool2x.png]
[t1.daumcdn.net/kakaomapweb/map/202212011415324/kakaomap_popup.css]
